[debug] [2023-02-03T10:57:24.553Z] ----------------------------------------------------------------------
[debug] [2023-02-03T10:57:24.556Z] Command:       C:\Program Files (x86)\nodejs\node.exe C:\Users\USURIO\AppData\Roaming\npm\node_modules\firebase-tools\lib\bin\firebase.js deploy
[debug] [2023-02-03T10:57:24.556Z] CLI Version:   11.14.3
[debug] [2023-02-03T10:57:24.556Z] Platform:      win32
[debug] [2023-02-03T10:57:24.556Z] Node Version:  v16.4.0
[debug] [2023-02-03T10:57:24.558Z] Time:          Fri Feb 03 2023 07:57:24 GMT-0300 (Argentina Standard Time)
[debug] [2023-02-03T10:57:24.558Z] ----------------------------------------------------------------------
[debug] 
[debug] [2023-02-03T10:57:24.667Z] > command requires scopes: ["email","openid","https://www.googleapis.com/auth/cloudplatformprojects.readonly","https://www.googleapis.com/auth/firebase","https://www.googleapis.com/auth/cloud-platform"]
[debug] [2023-02-03T10:57:24.668Z] > authorizing via signed-in user (vsatrigger@gmail.com)
[debug] [2023-02-03T10:57:24.668Z] [iam] checking project nutrustx for permissions ["firebase.projects.get","firebasehosting.sites.update"]
[debug] [2023-02-03T10:57:24.670Z] > refreshing access token with scopes: []
[debug] [2023-02-03T10:57:24.672Z] >>> [apiv2][query] POST https://www.googleapis.com/oauth2/v3/token [none]
[debug] [2023-02-03T10:57:24.672Z] >>> [apiv2][body] POST https://www.googleapis.com/oauth2/v3/token [omitted]
[debug] [2023-02-03T10:57:25.424Z] <<< [apiv2][status] POST https://www.googleapis.com/oauth2/v3/token 200
[debug] [2023-02-03T10:57:25.428Z] <<< [apiv2][body] POST https://www.googleapis.com/oauth2/v3/token [omitted]
[debug] [2023-02-03T10:57:25.444Z] >>> [apiv2][query] POST https://cloudresourcemanager.googleapis.com/v1/projects/nutrustx:testIamPermissions [none]
[debug] [2023-02-03T10:57:25.445Z] >>> [apiv2][(partial)header] POST https://cloudresourcemanager.googleapis.com/v1/projects/nutrustx:testIamPermissions x-goog-quota-user=projects/nutrustx
[debug] [2023-02-03T10:57:25.445Z] >>> [apiv2][body] POST https://cloudresourcemanager.googleapis.com/v1/projects/nutrustx:testIamPermissions {"permissions":["firebase.projects.get","firebasehosting.sites.update"]}
[debug] [2023-02-03T10:57:26.435Z] <<< [apiv2][status] POST https://cloudresourcemanager.googleapis.com/v1/projects/nutrustx:testIamPermissions 200
[debug] [2023-02-03T10:57:26.435Z] <<< [apiv2][body] POST https://cloudresourcemanager.googleapis.com/v1/projects/nutrustx:testIamPermissions {"permissions":["firebase.projects.get","firebasehosting.sites.update"]}
[debug] [2023-02-03T10:57:26.437Z] >>> [apiv2][query] GET https://firebase.googleapis.com/v1beta1/projects/nutrustx [none]
[debug] [2023-02-03T10:57:27.036Z] <<< [apiv2][status] GET https://firebase.googleapis.com/v1beta1/projects/nutrustx 200
[debug] [2023-02-03T10:57:27.036Z] <<< [apiv2][body] GET https://firebase.googleapis.com/v1beta1/projects/nutrustx {"projectId":"nutrustx","projectNumber":"588954749760","displayName":"nutrustx","name":"projects/nutrustx","resources":{"hostingSite":"nutrustx","realtimeDatabaseInstance":"nutrustx-default-rtdb","storageBucket":"nutrustx.appspot.com","locationId":"asia-east1"},"state":"ACTIVE","etag":"1_ba16032b-4ee2-4756-bc93-373c2662392f"}
[debug] [2023-02-03T10:58:02.113Z] ----------------------------------------------------------------------
[debug] [2023-02-03T10:58:02.115Z] Command:       C:\Program Files (x86)\nodejs\node.exe C:\Users\USURIO\AppData\Roaming\npm\node_modules\firebase-tools\lib\bin\firebase.js deploy
[debug] [2023-02-03T10:58:02.115Z] CLI Version:   11.14.3
[debug] [2023-02-03T10:58:02.115Z] Platform:      win32
[debug] [2023-02-03T10:58:02.115Z] Node Version:  v16.4.0
[debug] [2023-02-03T10:58:02.117Z] Time:          Fri Feb 03 2023 07:58:02 GMT-0300 (Argentina Standard Time)
[debug] [2023-02-03T10:58:02.117Z] ----------------------------------------------------------------------
[debug] 
[debug] [2023-02-03T10:58:02.203Z] > command requires scopes: ["email","openid","https://www.googleapis.com/auth/cloudplatformprojects.readonly","https://www.googleapis.com/auth/firebase","https://www.googleapis.com/auth/cloud-platform"]
[debug] [2023-02-03T10:58:02.203Z] > authorizing via signed-in user (vsatrigger@gmail.com)
[debug] [2023-02-03T10:58:02.203Z] [iam] checking project nutrustx for permissions ["firebase.projects.get","firebasehosting.sites.update"]
[debug] [2023-02-03T10:58:02.207Z] >>> [apiv2][query] POST https://cloudresourcemanager.googleapis.com/v1/projects/nutrustx:testIamPermissions [none]
[debug] [2023-02-03T10:58:02.207Z] >>> [apiv2][(partial)header] POST https://cloudresourcemanager.googleapis.com/v1/projects/nutrustx:testIamPermissions x-goog-quota-user=projects/nutrustx
[debug] [2023-02-03T10:58:02.207Z] >>> [apiv2][body] POST https://cloudresourcemanager.googleapis.com/v1/projects/nutrustx:testIamPermissions {"permissions":["firebase.projects.get","firebasehosting.sites.update"]}
[debug] [2023-02-03T10:58:03.551Z] <<< [apiv2][status] POST https://cloudresourcemanager.googleapis.com/v1/projects/nutrustx:testIamPermissions 200
[debug] [2023-02-03T10:58:03.555Z] <<< [apiv2][body] POST https://cloudresourcemanager.googleapis.com/v1/projects/nutrustx:testIamPermissions {"permissions":["firebase.projects.get","firebasehosting.sites.update"]}
[debug] [2023-02-03T10:58:03.558Z] >>> [apiv2][query] GET https://firebase.googleapis.com/v1beta1/projects/nutrustx [none]
[debug] [2023-02-03T10:58:04.177Z] <<< [apiv2][status] GET https://firebase.googleapis.com/v1beta1/projects/nutrustx 200
[debug] [2023-02-03T10:58:04.178Z] <<< [apiv2][body] GET https://firebase.googleapis.com/v1beta1/projects/nutrustx {"projectId":"nutrustx","projectNumber":"588954749760","displayName":"nutrustx","name":"projects/nutrustx","resources":{"hostingSite":"nutrustx","realtimeDatabaseInstance":"nutrustx-default-rtdb","storageBucket":"nutrustx.appspot.com","locationId":"asia-east1"},"state":"ACTIVE","etag":"1_ba16032b-4ee2-4756-bc93-373c2662392f"}
[debug] [2023-02-03T10:59:29.703Z] ----------------------------------------------------------------------
[debug] [2023-02-03T10:59:29.707Z] Command:       C:\Program Files (x86)\nodejs\node.exe C:\Users\USURIO\AppData\Roaming\npm\node_modules\firebase-tools\lib\bin\firebase.js deploy
[debug] [2023-02-03T10:59:29.707Z] CLI Version:   11.14.3
[debug] [2023-02-03T10:59:29.708Z] Platform:      win32
[debug] [2023-02-03T10:59:29.708Z] Node Version:  v16.4.0
[debug] [2023-02-03T10:59:29.709Z] Time:          Fri Feb 03 2023 07:59:29 GMT-0300 (Argentina Standard Time)
[debug] [2023-02-03T10:59:29.709Z] ----------------------------------------------------------------------
[debug] 
[debug] [2023-02-03T10:59:29.805Z] > command requires scopes: ["email","openid","https://www.googleapis.com/auth/cloudplatformprojects.readonly","https://www.googleapis.com/auth/firebase","https://www.googleapis.com/auth/cloud-platform"]
[debug] [2023-02-03T10:59:29.806Z] > authorizing via signed-in user (vsatrigger@gmail.com)
[debug] [2023-02-03T10:59:29.806Z] [iam] checking project nutrustx for permissions ["firebase.projects.get","firebasehosting.sites.update"]
[debug] [2023-02-03T10:59:29.809Z] >>> [apiv2][query] POST https://cloudresourcemanager.googleapis.com/v1/projects/nutrustx:testIamPermissions [none]
[debug] [2023-02-03T10:59:29.810Z] >>> [apiv2][(partial)header] POST https://cloudresourcemanager.googleapis.com/v1/projects/nutrustx:testIamPermissions x-goog-quota-user=projects/nutrustx
[debug] [2023-02-03T10:59:29.810Z] >>> [apiv2][body] POST https://cloudresourcemanager.googleapis.com/v1/projects/nutrustx:testIamPermissions {"permissions":["firebase.projects.get","firebasehosting.sites.update"]}
[debug] [2023-02-03T10:59:31.142Z] <<< [apiv2][status] POST https://cloudresourcemanager.googleapis.com/v1/projects/nutrustx:testIamPermissions 200
[debug] [2023-02-03T10:59:31.147Z] <<< [apiv2][body] POST https://cloudresourcemanager.googleapis.com/v1/projects/nutrustx:testIamPermissions {"permissions":["firebase.projects.get","firebasehosting.sites.update"]}
[debug] [2023-02-03T10:59:31.150Z] >>> [apiv2][query] GET https://firebase.googleapis.com/v1beta1/projects/nutrustx [none]
[debug] [2023-02-03T10:59:31.654Z] <<< [apiv2][status] GET https://firebase.googleapis.com/v1beta1/projects/nutrustx 200
[debug] [2023-02-03T10:59:31.654Z] <<< [apiv2][body] GET https://firebase.googleapis.com/v1beta1/projects/nutrustx {"projectId":"nutrustx","projectNumber":"588954749760","displayName":"nutrustx","name":"projects/nutrustx","resources":{"hostingSite":"nutrustx","realtimeDatabaseInstance":"nutrustx-default-rtdb","storageBucket":"nutrustx.appspot.com","locationId":"asia-east1"},"state":"ACTIVE","etag":"1_ba16032b-4ee2-4756-bc93-373c2662392f"}
[debug] [2023-02-03T11:01:05.237Z] ----------------------------------------------------------------------
[debug] [2023-02-03T11:01:05.240Z] Command:       C:\Program Files (x86)\nodejs\node.exe C:\Users\USURIO\AppData\Roaming\npm\node_modules\firebase-tools\lib\bin\firebase.js deploy
[debug] [2023-02-03T11:01:05.240Z] CLI Version:   11.14.3
[debug] [2023-02-03T11:01:05.240Z] Platform:      win32
[debug] [2023-02-03T11:01:05.241Z] Node Version:  v16.4.0
[debug] [2023-02-03T11:01:05.242Z] Time:          Fri Feb 03 2023 08:01:05 GMT-0300 (Argentina Standard Time)
[debug] [2023-02-03T11:01:05.242Z] ----------------------------------------------------------------------
[debug] 
[debug] [2023-02-03T11:01:05.330Z] > command requires scopes: ["email","openid","https://www.googleapis.com/auth/cloudplatformprojects.readonly","https://www.googleapis.com/auth/firebase","https://www.googleapis.com/auth/cloud-platform"]
[debug] [2023-02-03T11:01:05.331Z] > authorizing via signed-in user (vsatrigger@gmail.com)
[debug] [2023-02-03T11:01:05.331Z] [iam] checking project nutrustx for permissions ["firebase.projects.get","firebasehosting.sites.update"]
[debug] [2023-02-03T11:01:05.333Z] >>> [apiv2][query] POST https://cloudresourcemanager.googleapis.com/v1/projects/nutrustx:testIamPermissions [none]
[debug] [2023-02-03T11:01:05.334Z] >>> [apiv2][(partial)header] POST https://cloudresourcemanager.googleapis.com/v1/projects/nutrustx:testIamPermissions x-goog-quota-user=projects/nutrustx
[debug] [2023-02-03T11:01:05.334Z] >>> [apiv2][body] POST https://cloudresourcemanager.googleapis.com/v1/projects/nutrustx:testIamPermissions {"permissions":["firebase.projects.get","firebasehosting.sites.update"]}
[debug] [2023-02-03T11:01:06.642Z] <<< [apiv2][status] POST https://cloudresourcemanager.googleapis.com/v1/projects/nutrustx:testIamPermissions 200
[debug] [2023-02-03T11:01:06.646Z] <<< [apiv2][body] POST https://cloudresourcemanager.googleapis.com/v1/projects/nutrustx:testIamPermissions {"permissions":["firebase.projects.get","firebasehosting.sites.update"]}
[debug] [2023-02-03T11:01:06.648Z] >>> [apiv2][query] GET https://firebase.googleapis.com/v1beta1/projects/nutrustx [none]
[debug] [2023-02-03T11:01:07.250Z] <<< [apiv2][status] GET https://firebase.googleapis.com/v1beta1/projects/nutrustx 200
[debug] [2023-02-03T11:01:07.250Z] <<< [apiv2][body] GET https://firebase.googleapis.com/v1beta1/projects/nutrustx {"projectId":"nutrustx","projectNumber":"588954749760","displayName":"nutrustx","name":"projects/nutrustx","resources":{"hostingSite":"nutrustx","realtimeDatabaseInstance":"nutrustx-default-rtdb","storageBucket":"nutrustx.appspot.com","locationId":"asia-east1"},"state":"ACTIVE","etag":"1_ba16032b-4ee2-4756-bc93-373c2662392f"}
